<?xml version="1.0" encoding="UTF-8"?>
<coverage generated="1674148985935" clover="3.2.0">
  <project timestamp="1674148985935" name="All files">
    <metrics statements="102" coveredstatements="24" conditionals="20" coveredconditionals="5" methods="40" coveredmethods="6" elements="162" coveredelements="35" complexity="0" loc="102" ncloc="102" packages="6" files="7" classes="7"/>
    <package name="src">
      <metrics statements="56" coveredstatements="0" conditionals="14" coveredconditionals="0" methods="24" coveredmethods="0"/>
      <file name="App.js" path="/Users/hugocruz/Study/React/fullstackopen/notes/frontend/src/App.js">
        <metrics statements="56" coveredstatements="0" conditionals="14" coveredconditionals="0" methods="24" coveredmethods="0"/>
        <line num="14" count="0" type="stmt"/>
        <line num="15" count="0" type="stmt"/>
        <line num="17" count="0" type="stmt"/>
        <line num="18" count="0" type="stmt"/>
        <line num="19" count="0" type="stmt"/>
        <line num="20" count="0" type="stmt"/>
        <line num="21" count="0" type="stmt"/>
        <line num="22" count="0" type="stmt"/>
        <line num="23" count="0" type="stmt"/>
        <line num="25" count="0" type="stmt"/>
        <line num="26" count="0" type="stmt"/>
        <line num="27" count="0" type="stmt"/>
        <line num="42" count="0" type="stmt"/>
        <line num="43" count="0" type="stmt"/>
        <line num="44" count="0" type="cond" truecount="0" falsecount="2"/>
        <line num="45" count="0" type="stmt"/>
        <line num="46" count="0" type="stmt"/>
        <line num="47" count="0" type="stmt"/>
        <line num="51" count="0" type="stmt"/>
        <line num="52" count="0" type="stmt"/>
        <line num="53" count="0" type="stmt"/>
        <line num="54" count="0" type="stmt"/>
        <line num="95" count="0" type="stmt"/>
        <line num="97" count="0" type="stmt"/>
        <line num="98" count="0" type="stmt"/>
        <line num="104" count="0" type="stmt"/>
        <line num="107" count="0" type="cond" truecount="0" falsecount="2"/>
        <line num="114" count="0" type="stmt"/>
        <line num="117" count="0" type="stmt"/>
        <line num="118" count="0" type="stmt"/>
        <line num="120" count="0" type="stmt"/>
        <line num="124" count="0" type="cond" truecount="0" falsecount="2"/>
        <line num="126" count="0" type="stmt"/>
        <line num="127" count="0" type="stmt"/>
        <line num="128" count="0" type="stmt"/>
        <line num="129" count="0" type="stmt"/>
        <line num="133" count="0" type="stmt"/>
        <line num="134" count="0" type="stmt"/>
        <line num="135" count="0" type="stmt"/>
        <line num="136" count="0" type="stmt"/>
        <line num="137" count="0" type="stmt"/>
        <line num="139" count="0" type="stmt"/>
        <line num="140" count="0" type="stmt"/>
        <line num="141" count="0" type="stmt"/>
        <line num="146" count="0" type="stmt"/>
        <line num="147" count="0" type="cond" truecount="0" falsecount="2"/>
        <line num="148" count="0" type="cond" truecount="0" falsecount="2"/>
        <line num="150" count="0" type="stmt"/>
        <line num="153" count="0" type="stmt"/>
        <line num="159" count="0" type="stmt"/>
        <line num="160" count="0" type="stmt"/>
        <line num="163" count="0" type="stmt"/>
        <line num="179" count="0" type="stmt"/>
        <line num="199" count="0" type="stmt"/>
        <line num="212" count="0" type="stmt"/>
        <line num="215" count="0" type="stmt"/>
      </file>
    </package>
    <package name="src.components">
      <metrics statements="3" coveredstatements="0" conditionals="0" coveredconditionals="0" methods="1" coveredmethods="0"/>
      <file name="LoginForm.js" path="/Users/hugocruz/Study/React/fullstackopen/notes/frontend/src/components/LoginForm.js">
        <metrics statements="3" coveredstatements="0" conditionals="0" coveredconditionals="0" methods="1" coveredmethods="0"/>
        <line num="4" count="0" type="stmt"/>
        <line num="11" count="0" type="stmt"/>
        <line num="37" count="0" type="stmt"/>
      </file>
    </package>
    <package name="src.components.Note">
      <metrics statements="3" coveredstatements="3" conditionals="2" coveredconditionals="1" methods="1" coveredmethods="1"/>
      <file name="Note.js" path="/Users/hugocruz/Study/React/fullstackopen/notes/frontend/src/components/Note/Note.js">
        <metrics statements="3" coveredstatements="3" conditionals="2" coveredconditionals="1" methods="1" coveredmethods="1"/>
        <line num="1" count="1" type="stmt"/>
        <line num="2" count="2" type="cond" truecount="1" falsecount="1"/>
        <line num="4" count="2" type="stmt"/>
      </file>
    </package>
    <package name="src.components.NoteForm">
      <metrics statements="11" coveredstatements="11" conditionals="0" coveredconditionals="0" methods="3" coveredmethods="3"/>
      <file name="NoteForm.js" path="/Users/hugocruz/Study/React/fullstackopen/notes/frontend/src/components/NoteForm/NoteForm.js">
        <metrics statements="11" coveredstatements="11" conditionals="0" coveredconditionals="0" methods="3" coveredmethods="3"/>
        <line num="3" count="1" type="stmt"/>
        <line num="4" count="3" type="stmt"/>
        <line num="6" count="3" type="stmt"/>
        <line num="7" count="1" type="stmt"/>
        <line num="10" count="3" type="stmt"/>
        <line num="11" count="1" type="stmt"/>
        <line num="12" count="1" type="stmt"/>
        <line num="13" count="1" type="stmt"/>
        <line num="14" count="1" type="stmt"/>
        <line num="20" count="1" type="stmt"/>
        <line num="23" count="3" type="stmt"/>
      </file>
    </package>
    <package name="src.components.Togglable">
      <metrics statements="11" coveredstatements="10" conditionals="4" coveredconditionals="4" methods="3" coveredmethods="2"/>
      <file name="Togglable.js" path="/Users/hugocruz/Study/React/fullstackopen/notes/frontend/src/components/Togglable/Togglable.js">
        <metrics statements="11" coveredstatements="10" conditionals="4" coveredconditionals="4" methods="3" coveredmethods="2"/>
        <line num="4" count="1" type="stmt"/>
        <line num="5" count="7" type="stmt"/>
        <line num="7" count="7" type="cond" truecount="2" falsecount="0"/>
        <line num="8" count="7" type="cond" truecount="2" falsecount="0"/>
        <line num="10" count="7" type="stmt"/>
        <line num="11" count="3" type="stmt"/>
        <line num="14" count="7" type="stmt"/>
        <line num="15" count="0" type="stmt"/>
        <line num="20" count="7" type="stmt"/>
        <line num="36" count="1" type="stmt"/>
        <line num="38" count="1" type="stmt"/>
      </file>
    </package>
    <package name="src.services">
      <metrics statements="18" coveredstatements="0" conditionals="0" coveredconditionals="0" methods="8" coveredmethods="0"/>
      <file name="login.js" path="/Users/hugocruz/Study/React/fullstackopen/notes/frontend/src/services/login.js">
        <metrics statements="4" coveredstatements="0" conditionals="0" coveredconditionals="0" methods="1" coveredmethods="0"/>
        <line num="2" count="0" type="stmt"/>
        <line num="4" count="0" type="stmt"/>
        <line num="5" count="0" type="stmt"/>
        <line num="6" count="0" type="stmt"/>
      </file>
      <file name="noteService.js" path="/Users/hugocruz/Study/React/fullstackopen/notes/frontend/src/services/noteService.js">
        <metrics statements="14" coveredstatements="0" conditionals="0" coveredconditionals="0" methods="7" coveredmethods="0"/>
        <line num="2" count="0" type="stmt"/>
        <line num="5" count="0" type="stmt"/>
        <line num="7" count="0" type="stmt"/>
        <line num="8" count="0" type="stmt"/>
        <line num="11" count="0" type="stmt"/>
        <line num="12" count="0" type="stmt"/>
        <line num="13" count="0" type="stmt"/>
        <line num="16" count="0" type="stmt"/>
        <line num="17" count="0" type="stmt"/>
        <line num="20" count="0" type="stmt"/>
        <line num="21" count="0" type="stmt"/>
        <line num="24" count="0" type="stmt"/>
        <line num="25" count="0" type="stmt"/>
        <line num="26" count="0" type="stmt"/>
      </file>
    </package>
  </project>
</coverage>
