{"/Users/hugocruz/Study/React/fullstackopen/notes/frontend/src/App.js": {"path":"/Users/hugocruz/Study/React/fullstackopen/notes/frontend/src/App.js","statementMap":{"0":{"start":{"line":14,"column":12},"end":{"line":222,"column":1}},"1":{"start":{"line":15,"column":28},"end":{"line":15,"column":40}},"2":{"start":{"line":17,"column":32},"end":{"line":17,"column":46}},"3":{"start":{"line":18,"column":42},"end":{"line":18,"column":56}},"4":{"start":{"line":19,"column":34},"end":{"line":19,"column":46}},"5":{"start":{"line":20,"column":34},"end":{"line":20,"column":46}},"6":{"start":{"line":21,"column":26},"end":{"line":21,"column":40}},"7":{"start":{"line":22,"column":42},"end":{"line":22,"column":57}},"8":{"start":{"line":23,"column":22},"end":{"line":23,"column":30}},"9":{"start":{"line":25,"column":2},"end":{"line":40,"column":9}},"10":{"start":{"line":26,"column":4},"end":{"line":28,"column":7}},"11":{"start":{"line":27,"column":6},"end":{"line":27,"column":29}},"12":{"start":{"line":42,"column":2},"end":{"line":49,"column":9}},"13":{"start":{"line":43,"column":27},"end":{"line":43,"column":75}},"14":{"start":{"line":44,"column":4},"end":{"line":48,"column":5}},"15":{"start":{"line":45,"column":19},"end":{"line":45,"column":45}},"16":{"start":{"line":46,"column":6},"end":{"line":46,"column":20}},"17":{"start":{"line":47,"column":6},"end":{"line":47,"column":39}},"18":{"start":{"line":51,"column":18},"end":{"line":56,"column":3}},"19":{"start":{"line":52,"column":4},"end":{"line":52,"column":43}},"20":{"start":{"line":53,"column":4},"end":{"line":55,"column":7}},"21":{"start":{"line":54,"column":6},"end":{"line":54,"column":43}},"22":{"start":{"line":95,"column":29},"end":{"line":122,"column":3}},"23":{"start":{"line":97,"column":17},"end":{"line":97,"column":47}},"24":{"start":{"line":97,"column":35},"end":{"line":97,"column":46}},"25":{"start":{"line":98,"column":24},"end":{"line":98,"column":63}},"26":{"start":{"line":104,"column":4},"end":{"line":121,"column":9}},"27":{"start":{"line":107,"column":8},"end":{"line":107,"column":76}},"28":{"start":{"line":107,"column":38},"end":{"line":107,"column":72}},"29":{"start":{"line":114,"column":8},"end":{"line":116,"column":10}},"30":{"start":{"line":117,"column":8},"end":{"line":119,"column":17}},"31":{"start":{"line":118,"column":10},"end":{"line":118,"column":32}},"32":{"start":{"line":120,"column":8},"end":{"line":120,"column":51}},"33":{"start":{"line":120,"column":37},"end":{"line":120,"column":48}},"34":{"start":{"line":124,"column":22},"end":{"line":124,"column":78}},"35":{"start":{"line":124,"column":63},"end":{"line":124,"column":77}},"36":{"start":{"line":126,"column":22},"end":{"line":144,"column":3}},"37":{"start":{"line":127,"column":4},"end":{"line":127,"column":27}},"38":{"start":{"line":128,"column":4},"end":{"line":143,"column":5}},"39":{"start":{"line":129,"column":19},"end":{"line":132,"column":8}},"40":{"start":{"line":133,"column":6},"end":{"line":133,"column":77}},"41":{"start":{"line":134,"column":6},"end":{"line":134,"column":39}},"42":{"start":{"line":135,"column":6},"end":{"line":135,"column":20}},"43":{"start":{"line":136,"column":6},"end":{"line":136,"column":22}},"44":{"start":{"line":137,"column":6},"end":{"line":137,"column":22}},"45":{"start":{"line":139,"column":6},"end":{"line":139,"column":43}},"46":{"start":{"line":140,"column":6},"end":{"line":142,"column":15}},"47":{"start":{"line":141,"column":8},"end":{"line":141,"column":30}},"48":{"start":{"line":146,"column":20},"end":{"line":167,"column":3}},"49":{"start":{"line":147,"column":28},"end":{"line":147,"column":67}},"50":{"start":{"line":148,"column":28},"end":{"line":148,"column":67}},"51":{"start":{"line":150,"column":4},"end":{"line":166,"column":6}},"52":{"start":{"line":153,"column":33},"end":{"line":153,"column":54}},"53":{"start":{"line":159,"column":50},"end":{"line":159,"column":75}},"54":{"start":{"line":160,"column":50},"end":{"line":160,"column":75}},"55":{"start":{"line":163,"column":33},"end":{"line":163,"column":55}},"56":{"start":{"line":179,"column":2},"end":{"line":221,"column":4}},"57":{"start":{"line":199,"column":31},"end":{"line":199,"column":51}},"58":{"start":{"line":212,"column":10},"end":{"line":216,"column":12}},"59":{"start":{"line":215,"column":36},"end":{"line":215,"column":63}}},"fnMap":{"0":{"name":"(anonymous_0)","decl":{"start":{"line":14,"column":12},"end":{"line":14,"column":13}},"loc":{"start":{"line":14,"column":18},"end":{"line":222,"column":1}},"line":14},"1":{"name":"(anonymous_1)","decl":{"start":{"line":25,"column":12},"end":{"line":25,"column":13}},"loc":{"start":{"line":25,"column":18},"end":{"line":40,"column":3}},"line":25},"2":{"name":"(anonymous_2)","decl":{"start":{"line":26,"column":30},"end":{"line":26,"column":31}},"loc":{"start":{"line":26,"column":48},"end":{"line":28,"column":5}},"line":26},"3":{"name":"(anonymous_3)","decl":{"start":{"line":42,"column":12},"end":{"line":42,"column":13}},"loc":{"start":{"line":42,"column":18},"end":{"line":49,"column":3}},"line":42},"4":{"name":"(anonymous_4)","decl":{"start":{"line":51,"column":18},"end":{"line":51,"column":19}},"loc":{"start":{"line":51,"column":34},"end":{"line":56,"column":3}},"line":51},"5":{"name":"(anonymous_5)","decl":{"start":{"line":53,"column":40},"end":{"line":53,"column":41}},"loc":{"start":{"line":53,"column":58},"end":{"line":55,"column":5}},"line":53},"6":{"name":"(anonymous_6)","decl":{"start":{"line":95,"column":29},"end":{"line":95,"column":30}},"loc":{"start":{"line":95,"column":37},"end":{"line":122,"column":3}},"line":95},"7":{"name":"(anonymous_7)","decl":{"start":{"line":97,"column":28},"end":{"line":97,"column":29}},"loc":{"start":{"line":97,"column":35},"end":{"line":97,"column":46}},"line":97},"8":{"name":"(anonymous_8)","decl":{"start":{"line":106,"column":12},"end":{"line":106,"column":13}},"loc":{"start":{"line":106,"column":28},"end":{"line":108,"column":7}},"line":106},"9":{"name":"(anonymous_9)","decl":{"start":{"line":107,"column":27},"end":{"line":107,"column":28}},"loc":{"start":{"line":107,"column":38},"end":{"line":107,"column":72}},"line":107},"10":{"name":"(anonymous_10)","decl":{"start":{"line":113,"column":13},"end":{"line":113,"column":14}},"loc":{"start":{"line":113,"column":19},"end":{"line":121,"column":7}},"line":113},"11":{"name":"(anonymous_11)","decl":{"start":{"line":117,"column":19},"end":{"line":117,"column":20}},"loc":{"start":{"line":117,"column":25},"end":{"line":119,"column":9}},"line":117},"12":{"name":"(anonymous_12)","decl":{"start":{"line":120,"column":30},"end":{"line":120,"column":31}},"loc":{"start":{"line":120,"column":37},"end":{"line":120,"column":48}},"line":120},"13":{"name":"(anonymous_13)","decl":{"start":{"line":124,"column":53},"end":{"line":124,"column":54}},"loc":{"start":{"line":124,"column":63},"end":{"line":124,"column":77}},"line":124},"14":{"name":"(anonymous_14)","decl":{"start":{"line":126,"column":22},"end":{"line":126,"column":23}},"loc":{"start":{"line":126,"column":39},"end":{"line":144,"column":3}},"line":126},"15":{"name":"(anonymous_15)","decl":{"start":{"line":140,"column":17},"end":{"line":140,"column":18}},"loc":{"start":{"line":140,"column":23},"end":{"line":142,"column":7}},"line":140},"16":{"name":"(anonymous_16)","decl":{"start":{"line":146,"column":20},"end":{"line":146,"column":21}},"loc":{"start":{"line":146,"column":26},"end":{"line":167,"column":3}},"line":146},"17":{"name":"(anonymous_17)","decl":{"start":{"line":153,"column":27},"end":{"line":153,"column":28}},"loc":{"start":{"line":153,"column":33},"end":{"line":153,"column":54}},"line":153},"18":{"name":"(anonymous_18)","decl":{"start":{"line":159,"column":34},"end":{"line":159,"column":35}},"loc":{"start":{"line":159,"column":50},"end":{"line":159,"column":75}},"line":159},"19":{"name":"(anonymous_19)","decl":{"start":{"line":160,"column":34},"end":{"line":160,"column":35}},"loc":{"start":{"line":160,"column":50},"end":{"line":160,"column":75}},"line":160},"20":{"name":"(anonymous_20)","decl":{"start":{"line":163,"column":27},"end":{"line":163,"column":28}},"loc":{"start":{"line":163,"column":33},"end":{"line":163,"column":55}},"line":163},"21":{"name":"(anonymous_21)","decl":{"start":{"line":199,"column":25},"end":{"line":199,"column":26}},"loc":{"start":{"line":199,"column":31},"end":{"line":199,"column":51}},"line":199},"22":{"name":"(anonymous_22)","decl":{"start":{"line":211,"column":25},"end":{"line":211,"column":26}},"loc":{"start":{"line":212,"column":10},"end":{"line":216,"column":12}},"line":212},"23":{"name":"(anonymous_23)","decl":{"start":{"line":215,"column":30},"end":{"line":215,"column":31}},"loc":{"start":{"line":215,"column":36},"end":{"line":215,"column":63}},"line":215}},"branchMap":{"0":{"loc":{"start":{"line":44,"column":4},"end":{"line":48,"column":5}},"type":"if","locations":[{"start":{"line":44,"column":4},"end":{"line":48,"column":5}},{"start":{},"end":{}}],"line":44},"1":{"loc":{"start":{"line":107,"column":38},"end":{"line":107,"column":72}},"type":"cond-expr","locations":[{"start":{"line":107,"column":55},"end":{"line":107,"column":59}},{"start":{"line":107,"column":62},"end":{"line":107,"column":72}}],"line":107},"2":{"loc":{"start":{"line":124,"column":22},"end":{"line":124,"column":78}},"type":"cond-expr","locations":[{"start":{"line":124,"column":32},"end":{"line":124,"column":37}},{"start":{"line":124,"column":40},"end":{"line":124,"column":78}}],"line":124},"3":{"loc":{"start":{"line":147,"column":39},"end":{"line":147,"column":65}},"type":"cond-expr","locations":[{"start":{"line":147,"column":54},"end":{"line":147,"column":60}},{"start":{"line":147,"column":63},"end":{"line":147,"column":65}}],"line":147},"4":{"loc":{"start":{"line":148,"column":39},"end":{"line":148,"column":65}},"type":"cond-expr","locations":[{"start":{"line":148,"column":54},"end":{"line":148,"column":56}},{"start":{"line":148,"column":59},"end":{"line":148,"column":65}}],"line":148},"5":{"loc":{"start":{"line":183,"column":7},"end":{"line":195,"column":7}},"type":"cond-expr","locations":[{"start":{"line":184,"column":8},"end":{"line":184,"column":19}},{"start":{"line":186,"column":8},"end":{"line":194,"column":14}}],"line":183},"6":{"loc":{"start":{"line":200,"column":16},"end":{"line":200,"column":45}},"type":"cond-expr","locations":[{"start":{"line":200,"column":26},"end":{"line":200,"column":37}},{"start":{"line":200,"column":40},"end":{"line":200,"column":45}}],"line":200}},"s":{"0":0,"1":0,"2":0,"3":0,"4":0,"5":0,"6":0,"7":0,"8":0,"9":0,"10":0,"11":0,"12":0,"13":0,"14":0,"15":0,"16":0,"17":0,"18":0,"19":0,"20":0,"21":0,"22":0,"23":0,"24":0,"25":0,"26":0,"27":0,"28":0,"29":0,"30":0,"31":0,"32":0,"33":0,"34":0,"35":0,"36":0,"37":0,"38":0,"39":0,"40":0,"41":0,"42":0,"43":0,"44":0,"45":0,"46":0,"47":0,"48":0,"49":0,"50":0,"51":0,"52":0,"53":0,"54":0,"55":0,"56":0,"57":0,"58":0,"59":0},"f":{"0":0,"1":0,"2":0,"3":0,"4":0,"5":0,"6":0,"7":0,"8":0,"9":0,"10":0,"11":0,"12":0,"13":0,"14":0,"15":0,"16":0,"17":0,"18":0,"19":0,"20":0,"21":0,"22":0,"23":0},"b":{"0":[0,0],"1":[0,0],"2":[0,0],"3":[0,0],"4":[0,0],"5":[0,0],"6":[0,0]}}
,"/Users/hugocruz/Study/React/fullstackopen/notes/frontend/src/components/LoginForm.js": {"path":"/Users/hugocruz/Study/React/fullstackopen/notes/frontend/src/components/LoginForm.js","statementMap":{"0":{"start":{"line":4,"column":18},"end":{"line":35,"column":1}},"1":{"start":{"line":11,"column":2},"end":{"line":34,"column":4}},"2":{"start":{"line":37,"column":0},"end":{"line":43,"column":2}}},"fnMap":{"0":{"name":"(anonymous_0)","decl":{"start":{"line":4,"column":18},"end":{"line":4,"column":19}},"loc":{"start":{"line":10,"column":6},"end":{"line":35,"column":1}},"line":10}},"branchMap":{},"s":{"0":0,"1":0,"2":0},"f":{"0":0},"b":{}}
,"/Users/hugocruz/Study/React/fullstackopen/notes/frontend/src/components/Note/Note.js": {"path":"/Users/hugocruz/Study/React/fullstackopen/notes/frontend/src/components/Note/Note.js","statementMap":{"0":{"start":{"line":1,"column":13},"end":{"line":10,"column":1}},"1":{"start":{"line":2,"column":16},"end":{"line":2,"column":72}},"2":{"start":{"line":4,"column":2},"end":{"line":9,"column":4}}},"fnMap":{"0":{"name":"(anonymous_0)","decl":{"start":{"line":1,"column":13},"end":{"line":1,"column":14}},"loc":{"start":{"line":1,"column":45},"end":{"line":10,"column":1}},"line":1}},"branchMap":{"0":{"loc":{"start":{"line":2,"column":16},"end":{"line":2,"column":72}},"type":"cond-expr","locations":[{"start":{"line":2,"column":33},"end":{"line":2,"column":53}},{"start":{"line":2,"column":56},"end":{"line":2,"column":72}}],"line":2}},"s":{"0":1,"1":2,"2":2},"f":{"0":2},"b":{"0":[2,0]},"_coverageSchema":"1a1c01bbd47fc00a2c39e90264f33305004495a9","hash":"b34dfce413e97da3974f0b53ab8c8825bf10a1a8"}
,"/Users/hugocruz/Study/React/fullstackopen/notes/frontend/src/components/NoteForm/NoteForm.js": {"path":"/Users/hugocruz/Study/React/fullstackopen/notes/frontend/src/components/NoteForm/NoteForm.js","statementMap":{"0":{"start":{"line":3,"column":17},"end":{"line":36,"column":1}},"1":{"start":{"line":4,"column":32},"end":{"line":4,"column":44}},"2":{"start":{"line":6,"column":23},"end":{"line":8,"column":3}},"3":{"start":{"line":7,"column":4},"end":{"line":7,"column":35}},"4":{"start":{"line":10,"column":18},"end":{"line":21,"column":3}},"5":{"start":{"line":11,"column":4},"end":{"line":11,"column":27}},"6":{"start":{"line":12,"column":27},"end":{"line":12,"column":75}},"7":{"start":{"line":13,"column":17},"end":{"line":13,"column":43}},"8":{"start":{"line":14,"column":4},"end":{"line":18,"column":7}},"9":{"start":{"line":20,"column":4},"end":{"line":20,"column":19}},"10":{"start":{"line":23,"column":2},"end":{"line":35,"column":4}}},"fnMap":{"0":{"name":"(anonymous_0)","decl":{"start":{"line":3,"column":17},"end":{"line":3,"column":18}},"loc":{"start":{"line":3,"column":37},"end":{"line":36,"column":1}},"line":3},"1":{"name":"(anonymous_1)","decl":{"start":{"line":6,"column":23},"end":{"line":6,"column":24}},"loc":{"start":{"line":6,"column":34},"end":{"line":8,"column":3}},"line":6},"2":{"name":"(anonymous_2)","decl":{"start":{"line":10,"column":18},"end":{"line":10,"column":19}},"loc":{"start":{"line":10,"column":29},"end":{"line":21,"column":3}},"line":10}},"branchMap":{},"s":{"0":1,"1":3,"2":3,"3":1,"4":3,"5":1,"6":1,"7":1,"8":1,"9":1,"10":3},"f":{"0":3,"1":1,"2":1},"b":{},"_coverageSchema":"1a1c01bbd47fc00a2c39e90264f33305004495a9","hash":"bbeb4fd92bad03e487d843e20d270d9ec88a08f0"}
,"/Users/hugocruz/Study/React/fullstackopen/notes/frontend/src/components/Togglable/Togglable.js": {"path":"/Users/hugocruz/Study/React/fullstackopen/notes/frontend/src/components/Togglable/Togglable.js","statementMap":{"0":{"start":{"line":4,"column":18},"end":{"line":34,"column":2}},"1":{"start":{"line":5,"column":32},"end":{"line":5,"column":47}},"2":{"start":{"line":7,"column":26},"end":{"line":7,"column":60}},"3":{"start":{"line":8,"column":26},"end":{"line":8,"column":60}},"4":{"start":{"line":10,"column":27},"end":{"line":12,"column":3}},"5":{"start":{"line":11,"column":4},"end":{"line":11,"column":25}},"6":{"start":{"line":14,"column":2},"end":{"line":18,"column":5}},"7":{"start":{"line":15,"column":4},"end":{"line":17,"column":6}},"8":{"start":{"line":20,"column":2},"end":{"line":33,"column":4}},"9":{"start":{"line":36,"column":0},"end":{"line":36,"column":36}},"10":{"start":{"line":38,"column":0},"end":{"line":40,"column":2}}},"fnMap":{"0":{"name":"(anonymous_0)","decl":{"start":{"line":4,"column":29},"end":{"line":4,"column":30}},"loc":{"start":{"line":4,"column":45},"end":{"line":34,"column":1}},"line":4},"1":{"name":"(anonymous_1)","decl":{"start":{"line":10,"column":27},"end":{"line":10,"column":28}},"loc":{"start":{"line":10,"column":33},"end":{"line":12,"column":3}},"line":10},"2":{"name":"(anonymous_2)","decl":{"start":{"line":14,"column":27},"end":{"line":14,"column":28}},"loc":{"start":{"line":14,"column":33},"end":{"line":18,"column":3}},"line":14}},"branchMap":{"0":{"loc":{"start":{"line":7,"column":37},"end":{"line":7,"column":58}},"type":"cond-expr","locations":[{"start":{"line":7,"column":47},"end":{"line":7,"column":53}},{"start":{"line":7,"column":56},"end":{"line":7,"column":58}}],"line":7},"1":{"loc":{"start":{"line":8,"column":37},"end":{"line":8,"column":58}},"type":"cond-expr","locations":[{"start":{"line":8,"column":47},"end":{"line":8,"column":49}},{"start":{"line":8,"column":52},"end":{"line":8,"column":58}}],"line":8}},"s":{"0":1,"1":7,"2":7,"3":7,"4":7,"5":3,"6":7,"7":0,"8":7,"9":1,"10":1},"f":{"0":7,"1":3,"2":0},"b":{"0":[2,5],"1":[2,5]},"_coverageSchema":"1a1c01bbd47fc00a2c39e90264f33305004495a9","hash":"7d99079543d1bed01a185078f3718f9a1c4bea39"}
,"/Users/hugocruz/Study/React/fullstackopen/notes/frontend/src/services/login.js": {"path":"/Users/hugocruz/Study/React/fullstackopen/notes/frontend/src/services/login.js","statementMap":{"0":{"start":{"line":2,"column":17},"end":{"line":2,"column":29}},"1":{"start":{"line":4,"column":14},"end":{"line":7,"column":1}},"2":{"start":{"line":5,"column":19},"end":{"line":5,"column":58}},"3":{"start":{"line":6,"column":2},"end":{"line":6,"column":23}}},"fnMap":{"0":{"name":"(anonymous_0)","decl":{"start":{"line":4,"column":14},"end":{"line":4,"column":15}},"loc":{"start":{"line":4,"column":37},"end":{"line":7,"column":1}},"line":4}},"branchMap":{},"s":{"0":0,"1":0,"2":0,"3":0},"f":{"0":0},"b":{}}
,"/Users/hugocruz/Study/React/fullstackopen/notes/frontend/src/services/noteService.js": {"path":"/Users/hugocruz/Study/React/fullstackopen/notes/frontend/src/services/noteService.js","statementMap":{"0":{"start":{"line":2,"column":17},"end":{"line":2,"column":29}},"1":{"start":{"line":5,"column":12},"end":{"line":5,"column":16}},"2":{"start":{"line":7,"column":17},"end":{"line":9,"column":1}},"3":{"start":{"line":8,"column":2},"end":{"line":8,"column":31}},"4":{"start":{"line":11,"column":15},"end":{"line":14,"column":1}},"5":{"start":{"line":12,"column":18},"end":{"line":12,"column":37}},"6":{"start":{"line":13,"column":2},"end":{"line":13,"column":51}},"7":{"start":{"line":13,"column":36},"end":{"line":13,"column":49}},"8":{"start":{"line":16,"column":15},"end":{"line":22,"column":1}},"9":{"start":{"line":17,"column":17},"end":{"line":19,"column":3}},"10":{"start":{"line":20,"column":18},"end":{"line":20,"column":57}},"11":{"start":{"line":21,"column":2},"end":{"line":21,"column":51}},"12":{"start":{"line":21,"column":36},"end":{"line":21,"column":49}},"13":{"start":{"line":24,"column":15},"end":{"line":27,"column":1}},"14":{"start":{"line":25,"column":18},"end":{"line":25,"column":59}},"15":{"start":{"line":26,"column":2},"end":{"line":26,"column":51}},"16":{"start":{"line":26,"column":36},"end":{"line":26,"column":49}}},"fnMap":{"0":{"name":"(anonymous_0)","decl":{"start":{"line":7,"column":17},"end":{"line":7,"column":18}},"loc":{"start":{"line":7,"column":31},"end":{"line":9,"column":1}},"line":7},"1":{"name":"(anonymous_1)","decl":{"start":{"line":11,"column":15},"end":{"line":11,"column":16}},"loc":{"start":{"line":11,"column":21},"end":{"line":14,"column":1}},"line":11},"2":{"name":"(anonymous_2)","decl":{"start":{"line":13,"column":22},"end":{"line":13,"column":23}},"loc":{"start":{"line":13,"column":36},"end":{"line":13,"column":49}},"line":13},"3":{"name":"(anonymous_3)","decl":{"start":{"line":16,"column":15},"end":{"line":16,"column":16}},"loc":{"start":{"line":16,"column":30},"end":{"line":22,"column":1}},"line":16},"4":{"name":"(anonymous_4)","decl":{"start":{"line":21,"column":22},"end":{"line":21,"column":23}},"loc":{"start":{"line":21,"column":36},"end":{"line":21,"column":49}},"line":21},"5":{"name":"(anonymous_5)","decl":{"start":{"line":24,"column":15},"end":{"line":24,"column":16}},"loc":{"start":{"line":24,"column":34},"end":{"line":27,"column":1}},"line":24},"6":{"name":"(anonymous_6)","decl":{"start":{"line":26,"column":22},"end":{"line":26,"column":23}},"loc":{"start":{"line":26,"column":36},"end":{"line":26,"column":49}},"line":26}},"branchMap":{},"s":{"0":0,"1":0,"2":0,"3":0,"4":0,"5":0,"6":0,"7":0,"8":0,"9":0,"10":0,"11":0,"12":0,"13":0,"14":0,"15":0,"16":0},"f":{"0":0,"1":0,"2":0,"3":0,"4":0,"5":0,"6":0},"b":{}}
}
